{
  "timestamp" : "2026-02-12T18:04:53.776641063+01:00",
  "commitIdentifier" : "8c9b21a371e3320c93e63197c9761d80cab19539",
  "buildStatus" : "SUCCESS",
  "buildLog" : "To honour the JVM settings for this build a single-use Daemon process will be forked. For more on this, please refer to https://docs.gradle.org/9.3.0/userguide/gradle_daemon.html#sec:disabling_the_daemon in the Gradle documentation.\nDaemon will be stopped at the end of the build \nCalculating task graph as no cached configuration is available for tasks: build\n> Task :app:check UP-TO-DATE\n> Task :app:processResources NO-SOURCE\n> Task :app:compileJava\n> Task :app:classes\n> Task :app:jar\n> Task :app:startScripts\n> Task :app:distTar\n> Task :app:distZip\n> Task :app:assemble\n> Task :app:build\n\nBUILD SUCCESSFUL in 6s\n5 actionable tasks: 5 executed\nConfiguration cache entry stored.\n",
  "testStatus" : "FAILURE",
  "testLog" : "Calculating task graph as no cached configuration is available for tasks: test\n> Task :app:processTestResources NO-SOURCE\n> Task :app:processResources NO-SOURCE\n> Task :app:compileJava UP-TO-DATE\n> Task :app:classes UP-TO-DATE\n> Task :app:compileTestJava\n> Task :app:testClasses\nOpenJDK 64-Bit Server VM warning: Sharing is only supported for boot loader classes because bootstrap classpath has been appended\n\n> Task :app:test FAILED\n\nBranchCheckoutTest > validRepo_checkoutRuns() FAILED\n    org.opentest4j.AssertionFailedError at BranchCheckoutTest.java:34\n\n23 tests completed, 1 failed\n\nFAILURE: Build failed with an exception.\n\n* What went wrong:\nExecution failed for task ':app:test'.\n> There were failing tests. See the report at: file:///home/js/skola/kurser/DD2480%20soffan/assignments/assignment-2/app/repos/dd2480-vt26/assignment-2/app/build/reports/tests/test/index.html\n\n* Try:\n> Run with --scan to get full insights from a Build Scan (powered by Develocity).\n\nBUILD FAILED in 2s\n3 actionable tasks: 2 executed, 1 up-to-date\nConfiguration cache entry stored.\n"
}